<?xml version="1.0" encoding="UTF-8"?>
<!-- Generated by org.testng.reporters.JUnitReportReporter -->
<testsuite skipped="0" hostname="SAM-NOTEBOOK" name="com.smoke.practice.SmokeTest" tests="1" failures="0" timestamp="2022-02-27T11:11:54 EST" time="38.609" errors="0">
  <testcase name="testNG" time="38.609" classname="com.smoke.practice.SmokeTest"/>
  <system-out/>
</testsuite> <!-- com.smoke.practice.SmokeTest -->
